<?xml version="1.0" encoding="UTF-8"?>
<!-- Generated by org.testng.reporters.JUnitXMLReporter -->
<testsuite hostname="DESKTOP-K9FM7UL" failures="0" tests="7" name="Login" time="50.941" errors="0" timestamp="10 Apr 2022 21:51:59 GMT">
  <testcase classname="test.java.tests.LoginTest" name="loginSuccessfully" time="10.638"/>
  <testcase classname="test.java.tests.LoginTest" name="loginWithInvalidData" time="8.871"/>
  <testcase classname="test.java.tests.LoginTest" name="loginWithInvalidData" time="4.688"/>
  <testcase classname="test.java.tests.LoginTest" name="loginWithInvalidData" time="2.409"/>
  <testcase classname="test.java.tests.LoginTest" name="loginWithInvalidData" time="3.245"/>
  <testcase classname="test.java.tests.LoginTest" name="loginWithInvalidData" time="4.216"/>
  <testcase classname="test.java.tests.LoginTest" name="loginWithInvalidData" time="8.666"/>
</testsuite> <!-- Login -->
