<?xml version="1.0" encoding="UTF-8"?>
<testsuite name="TestSuite" time="24.48" tests="7" errors="0" skipped="0" failures="0">
  <properties>
[...]
</properties>
  <testcase name="loginSuccessfully" classname="test.java.tests.LoginTest" time="6.728"/>
  <testcase name="loginWithInvalidData" classname="test.java.tests.LoginTest" time="3.443"/>
  <testcase name="loginWithInvalidData" classname="test.java.tests.LoginTest" time="2.394"/>
  <testcase name="loginWithInvalidData" classname="test.java.tests.LoginTest" time="3.096"/>
  <testcase name="loginWithInvalidData" classname="test.java.tests.LoginTest" time="2.949"/>
  <testcase name="loginWithInvalidData" classname="test.java.tests.LoginTest" time="3.374"/>
  <testcase name="loginWithInvalidData" classname="test.java.tests.LoginTest" time="2.496"/>
</testsuite>