<?xml version="1.0" encoding="UTF-8"?>
<testng-results total="7" passed="0" failed="0" skipped="7">
  <reporter-output>
  </reporter-output>
  <suite started-at="2022-04-11T14:08:12Z" name="test" finished-at="2022-04-11T14:08:19Z" duration-ms="6427">
    <groups>
    </groups>
    <test started-at="2022-04-11T14:08:12Z" name="Login" finished-at="2022-04-11T14:08:19Z" duration-ms="6427">
      <class name="test.java.tests.LoginTest">
        <test-method is-config="true" signature="setup()[pri:0, instance:test.java.tests.LoginTest@4116aac9]" started-at="2022-04-11T11:08:12Z" name="setup" finished-at="2022-04-11T11:08:12Z" duration-ms="0" status="FAIL">
          <exception class="org.openqa.selenium.WebDriverException">
            <message>
              <![CDATA[unknown error: cannot determine loading status
from disconnected: received Inspector.detached event
  (Session info: chrome=100.0.4896.75)
Build info: version: '3.141.59', revision: 'e82be7d358', time: '2018-11-14T08:17:03'
System info: host: 'DESKTOP-K9FM7UL', ip: '192.168.15.9', os.name: 'Windows 11', os.arch: 'amd64', os.version: '10.0', java.version: '17.0.2'
Driver info: org.openqa.selenium.chrome.ChromeDriver
Capabilities {acceptInsecureCerts: false, browserName: chrome, browserVersion: 100.0.4896.75, chrome: {chromedriverVersion: 100.0.4896.60 (6a5d10861ce8..., userDataDir: C:\Users\adria\AppData\Loca...}, goog:chromeOptions: {debuggerAddress: localhost:50988}, javascriptEnabled: true, networkConnectionEnabled: false, pageLoadStrategy: normal, platform: WINDOWS, platformName: WINDOWS, proxy: Proxy(), setWindowRect: true, strictFileInteractability: false, timeouts: {implicit: 0, pageLoad: 300000, script: 30000}, unhandledPromptBehavior: dismiss and notify, webauthn:extension:credBlob: true, webauthn:extension:largeBlob: true, webauthn:virtualAuthenticators: true}
Session ID: 0bcd38bcb5a53886a4cd2ba27e90b19d]]>
            </message>
            <full-stacktrace>
              <![CDATA[org.openqa.selenium.WebDriverException: unknown error: cannot determine loading status
from disconnected: received Inspector.detached event
  (Session info: chrome=100.0.4896.75)
Build info: version: '3.141.59', revision: 'e82be7d358', time: '2018-11-14T08:17:03'
System info: host: 'DESKTOP-K9FM7UL', ip: '192.168.15.9', os.name: 'Windows 11', os.arch: 'amd64', os.version: '10.0', java.version: '17.0.2'
Driver info: org.openqa.selenium.chrome.ChromeDriver
Capabilities {acceptInsecureCerts: false, browserName: chrome, browserVersion: 100.0.4896.75, chrome: {chromedriverVersion: 100.0.4896.60 (6a5d10861ce8..., userDataDir: C:\Users\adria\AppData\Loca...}, goog:chromeOptions: {debuggerAddress: localhost:50988}, javascriptEnabled: true, networkConnectionEnabled: false, pageLoadStrategy: normal, platform: WINDOWS, platformName: WINDOWS, proxy: Proxy(), setWindowRect: true, strictFileInteractability: false, timeouts: {implicit: 0, pageLoad: 300000, script: 30000}, unhandledPromptBehavior: dismiss and notify, webauthn:extension:credBlob: true, webauthn:extension:largeBlob: true, webauthn:virtualAuthenticators: true}
Session ID: 0bcd38bcb5a53886a4cd2ba27e90b19d
	at java.base/jdk.internal.reflect.NativeConstructorAccessorImpl.newInstance0(Native Method)
	at java.base/jdk.internal.reflect.NativeConstructorAccessorImpl.newInstance(NativeConstructorAccessorImpl.java:77)
	at java.base/jdk.internal.reflect.DelegatingConstructorAccessorImpl.newInstance(DelegatingConstructorAccessorImpl.java:45)
	at java.base/java.lang.reflect.Constructor.newInstanceWithCaller(Constructor.java:499)
	at java.base/java.lang.reflect.Constructor.newInstance(Constructor.java:480)
	at org.openqa.selenium.remote.http.W3CHttpResponseCodec.createException(W3CHttpResponseCodec.java:187)
	at org.openqa.selenium.remote.http.W3CHttpResponseCodec.decode(W3CHttpResponseCodec.java:122)
	at org.openqa.selenium.remote.http.W3CHttpResponseCodec.decode(W3CHttpResponseCodec.java:49)
	at org.openqa.selenium.remote.HttpCommandExecutor.execute(HttpCommandExecutor.java:158)
	at org.openqa.selenium.remote.service.DriverCommandExecutor.execute(DriverCommandExecutor.java:83)
	at org.openqa.selenium.remote.RemoteWebDriver.execute(RemoteWebDriver.java:552)
	at org.openqa.selenium.remote.RemoteWebDriver.get(RemoteWebDriver.java:277)
	at test.java.utils.Browser.loadPage(Browser.java:41)
	at test.java.tests.BaseTest.setup(BaseTest.java:11)
	at java.base/jdk.internal.reflect.NativeMethodAccessorImpl.invoke0(Native Method)
	at java.base/jdk.internal.reflect.NativeMethodAccessorImpl.invoke(NativeMethodAccessorImpl.java:77)
	at java.base/jdk.internal.reflect.DelegatingMethodAccessorImpl.invoke(DelegatingMethodAccessorImpl.java:43)
	at java.base/java.lang.reflect.Method.invoke(Method.java:568)
	at org.testng.internal.MethodInvocationHelper.invokeMethod(MethodInvocationHelper.java:80)
	at org.testng.internal.Invoker.invokeConfigurationMethod(Invoker.java:564)
	at org.testng.internal.Invoker.invokeConfigurations(Invoker.java:213)
	at org.testng.internal.Invoker.invokeConfigurations(Invoker.java:138)
	at org.testng.TestRunner.beforeRun(TestRunner.java:641)
	at org.testng.TestRunner.run(TestRunner.java:609)
	at org.testng.SuiteRunner.runTest(SuiteRunner.java:334)
	at org.testng.SuiteRunner.runSequentially(SuiteRunner.java:329)
	at org.testng.SuiteRunner.privateRun(SuiteRunner.java:291)
	at org.testng.SuiteRunner.run(SuiteRunner.java:240)
	at org.testng.SuiteRunnerWorker.runSuite(SuiteRunnerWorker.java:52)
	at org.testng.SuiteRunnerWorker.run(SuiteRunnerWorker.java:86)
	at org.testng.TestNG.runSuitesSequentially(TestNG.java:1198)
	at org.testng.TestNG.runSuitesLocally(TestNG.java:1123)
	at org.testng.TestNG.run(TestNG.java:1031)
	at org.apache.maven.surefire.testng.TestNGExecutor.run(TestNGExecutor.java:178)
	at org.apache.maven.surefire.testng.TestNGXmlTestSuite.execute(TestNGXmlTestSuite.java:92)
	at org.apache.maven.surefire.testng.TestNGProvider.invoke(TestNGProvider.java:96)
	at java.base/jdk.internal.reflect.NativeMethodAccessorImpl.invoke0(Native Method)
	at java.base/jdk.internal.reflect.NativeMethodAccessorImpl.invoke(NativeMethodAccessorImpl.java:77)
	at java.base/jdk.internal.reflect.DelegatingMethodAccessorImpl.invoke(DelegatingMethodAccessorImpl.java:43)
	at java.base/java.lang.reflect.Method.invoke(Method.java:568)
	at org.apache.maven.surefire.util.ReflectionUtils.invokeMethodWithArray2(ReflectionUtils.java:208)
	at org.apache.maven.surefire.booter.ProviderFactory$ProviderProxy.invoke(ProviderFactory.java:159)
	at org.apache.maven.surefire.booter.ProviderFactory.invokeProvider(ProviderFactory.java:87)
	at org.apache.maven.surefire.booter.ForkedBooter.runSuitesInProcess(ForkedBooter.java:153)
	at org.apache.maven.surefire.booter.ForkedBooter.main(ForkedBooter.java:95)
]]>
            </full-stacktrace>
          </exception> <!-- org.openqa.selenium.WebDriverException -->
          <reporter-output>
          </reporter-output>
        </test-method> <!-- setup -->
        <test-method signature="loginSuccessfully()[pri:0, instance:test.java.tests.LoginTest@4116aac9]" started-at="2022-04-11T11:08:19Z" name="loginSuccessfully" finished-at="2022-04-11T11:08:19Z" duration-ms="7" status="SKIP">
          <reporter-output>
          </reporter-output>
        </test-method> <!-- loginSuccessfully -->
        <test-method signature="loginWithInvalidData(java.lang.String, java.lang.String, java.lang.String)[pri:0, instance:test.java.tests.LoginTest@4116aac9]" started-at="2022-04-11T11:08:19Z" name="loginWithInvalidData" data-provider="invalidData" finished-at="2022-04-11T11:08:19Z" duration-ms="5" status="SKIP">
          <params>
            <param index="0">
              <value>
                <![CDATA[invalidEmail@gmail.com]]>
              </value>
            </param>
            <param index="1">
              <value>
                <![CDATA[teste123]]>
              </value>
            </param>
            <param index="2">
              <value>
                <![CDATA[Authentication failed.]]>
              </value>
            </param>
          </params>
          <reporter-output>
          </reporter-output>
        </test-method> <!-- loginWithInvalidData -->
        <test-method signature="loginWithInvalidData(java.lang.String, java.lang.String, java.lang.String)[pri:0, instance:test.java.tests.LoginTest@4116aac9]" started-at="2022-04-11T11:08:19Z" name="loginWithInvalidData" data-provider="invalidData" finished-at="2022-04-11T11:08:19Z" duration-ms="6" status="SKIP">
          <params>
            <param index="0">
              <value>
                <![CDATA[novoemailteste@gmail.com]]>
              </value>
            </param>
            <param index="1">
              <value>
                <![CDATA[invalidPassword]]>
              </value>
            </param>
            <param index="2">
              <value>
                <![CDATA[Authentication failed.]]>
              </value>
            </param>
          </params>
          <reporter-output>
          </reporter-output>
        </test-method> <!-- loginWithInvalidData -->
        <test-method signature="loginWithInvalidData(java.lang.String, java.lang.String, java.lang.String)[pri:0, instance:test.java.tests.LoginTest@4116aac9]" started-at="2022-04-11T11:08:19Z" name="loginWithInvalidData" data-provider="invalidData" finished-at="2022-04-11T11:08:19Z" duration-ms="7" status="SKIP">
          <params>
            <param index="0">
              <value>
                <![CDATA[invalidEmail@gmail.com]]>
              </value>
            </param>
            <param index="1">
              <value>
                <![CDATA[invalidPassword]]>
              </value>
            </param>
            <param index="2">
              <value>
                <![CDATA[Authentication failed.]]>
              </value>
            </param>
          </params>
          <reporter-output>
          </reporter-output>
        </test-method> <!-- loginWithInvalidData -->
        <test-method signature="loginWithInvalidData(java.lang.String, java.lang.String, java.lang.String)[pri:0, instance:test.java.tests.LoginTest@4116aac9]" started-at="2022-04-11T11:08:19Z" name="loginWithInvalidData" data-provider="invalidData" finished-at="2022-04-11T11:08:19Z" duration-ms="5" status="SKIP">
          <params>
            <param index="0">
              <value>
                <![CDATA[novoemailteste@gmail.com]]>
              </value>
            </param>
            <param index="1">
              <value>
                <![CDATA[]]>
              </value>
            </param>
            <param index="2">
              <value>
                <![CDATA[Password is required.]]>
              </value>
            </param>
          </params>
          <reporter-output>
          </reporter-output>
        </test-method> <!-- loginWithInvalidData -->
        <test-method signature="loginWithInvalidData(java.lang.String, java.lang.String, java.lang.String)[pri:0, instance:test.java.tests.LoginTest@4116aac9]" started-at="2022-04-11T11:08:19Z" name="loginWithInvalidData" data-provider="invalidData" finished-at="2022-04-11T11:08:19Z" duration-ms="4" status="SKIP">
          <params>
            <param index="0">
              <value>
                <![CDATA[]]>
              </value>
            </param>
            <param index="1">
              <value>
                <![CDATA[teste123]]>
              </value>
            </param>
            <param index="2">
              <value>
                <![CDATA[An email address required.]]>
              </value>
            </param>
          </params>
          <reporter-output>
          </reporter-output>
        </test-method> <!-- loginWithInvalidData -->
        <test-method signature="loginWithInvalidData(java.lang.String, java.lang.String, java.lang.String)[pri:0, instance:test.java.tests.LoginTest@4116aac9]" started-at="2022-04-11T11:08:19Z" name="loginWithInvalidData" data-provider="invalidData" finished-at="2022-04-11T11:08:19Z" duration-ms="5" status="SKIP">
          <params>
            <param index="0">
              <value>
                <![CDATA[]]>
              </value>
            </param>
            <param index="1">
              <value>
                <![CDATA[]]>
              </value>
            </param>
            <param index="2">
              <value>
                <![CDATA[An email address required.]]>
              </value>
            </param>
          </params>
          <reporter-output>
          </reporter-output>
        </test-method> <!-- loginWithInvalidData -->
        <test-method is-config="true" signature="tearDown()[pri:0, instance:test.java.tests.LoginTest@4116aac9]" started-at="2022-04-11T11:08:19Z" name="tearDown" finished-at="2022-04-11T11:08:19Z" duration-ms="0" status="SKIP">
          <reporter-output>
          </reporter-output>
        </test-method> <!-- tearDown -->
      </class> <!-- test.java.tests.LoginTest -->
    </test> <!-- Login -->
  </suite> <!-- test -->
</testng-results>
