<?xml version="1.0" encoding="UTF-8"?>
<testng-results total="7" passed="7" failed="0" skipped="0">
  <reporter-output>
  </reporter-output>
  <suite started-at="2022-04-10T21:30:43Z" name="test" finished-at="2022-04-10T21:31:17Z" duration-ms="33814">
    <groups>
    </groups>
    <test started-at="2022-04-10T21:30:43Z" name="Login" finished-at="2022-04-10T21:31:17Z" duration-ms="33814">
      <class name="test.java.tests.LoginTest">
        <test-method is-config="true" signature="setup()[pri:0, instance:test.java.tests.LoginTest@4116aac9]" started-at="2022-04-10T18:30:43Z" name="setup" finished-at="2022-04-10T18:30:52Z" duration-ms="8975" status="PASS">
          <reporter-output>
          </reporter-output>
        </test-method> <!-- setup -->
        <test-method signature="loginSuccessfully()[pri:0, instance:test.java.tests.LoginTest@4116aac9]" started-at="2022-04-10T18:30:52Z" name="loginSuccessfully" finished-at="2022-04-10T18:30:59Z" duration-ms="6727" status="PASS">
          <reporter-output>
          </reporter-output>
        </test-method> <!-- loginSuccessfully -->
        <test-method signature="loginWithInvalidData(java.lang.String, java.lang.String, java.lang.String)[pri:0, instance:test.java.tests.LoginTest@4116aac9]" started-at="2022-04-10T18:30:59Z" name="loginWithInvalidData" data-provider="invalidData" finished-at="2022-04-10T18:31:03Z" duration-ms="3443" status="PASS">
          <params>
            <param index="0">
              <value>
                <![CDATA[invalidEmail@gmail.com]]>
              </value>
            </param>
            <param index="1">
              <value>
                <![CDATA[teste123]]>
              </value>
            </param>
            <param index="2">
              <value>
                <![CDATA[Authentication failed.]]>
              </value>
            </param>
          </params>
          <reporter-output>
          </reporter-output>
        </test-method> <!-- loginWithInvalidData -->
        <test-method signature="loginWithInvalidData(java.lang.String, java.lang.String, java.lang.String)[pri:0, instance:test.java.tests.LoginTest@4116aac9]" started-at="2022-04-10T18:31:03Z" name="loginWithInvalidData" data-provider="invalidData" finished-at="2022-04-10T18:31:05Z" duration-ms="2392" status="PASS">
          <params>
            <param index="0">
              <value>
                <![CDATA[novoemailteste@gmail.com]]>
              </value>
            </param>
            <param index="1">
              <value>
                <![CDATA[invalidPassword]]>
              </value>
            </param>
            <param index="2">
              <value>
                <![CDATA[Authentication failed.]]>
              </value>
            </param>
          </params>
          <reporter-output>
          </reporter-output>
        </test-method> <!-- loginWithInvalidData -->
        <test-method signature="loginWithInvalidData(java.lang.String, java.lang.String, java.lang.String)[pri:0, instance:test.java.tests.LoginTest@4116aac9]" started-at="2022-04-10T18:31:05Z" name="loginWithInvalidData" data-provider="invalidData" finished-at="2022-04-10T18:31:08Z" duration-ms="3097" status="PASS">
          <params>
            <param index="0">
              <value>
                <![CDATA[invalidEmail@gmail.com]]>
              </value>
            </param>
            <param index="1">
              <value>
                <![CDATA[invalidPassword]]>
              </value>
            </param>
            <param index="2">
              <value>
                <![CDATA[Authentication failed.]]>
              </value>
            </param>
          </params>
          <reporter-output>
          </reporter-output>
        </test-method> <!-- loginWithInvalidData -->
        <test-method signature="loginWithInvalidData(java.lang.String, java.lang.String, java.lang.String)[pri:0, instance:test.java.tests.LoginTest@4116aac9]" started-at="2022-04-10T18:31:08Z" name="loginWithInvalidData" data-provider="invalidData" finished-at="2022-04-10T18:31:11Z" duration-ms="2949" status="PASS">
          <params>
            <param index="0">
              <value>
                <![CDATA[novoemailteste@gmail.com]]>
              </value>
            </param>
            <param index="1">
              <value>
                <![CDATA[]]>
              </value>
            </param>
            <param index="2">
              <value>
                <![CDATA[Password is required.]]>
              </value>
            </param>
          </params>
          <reporter-output>
          </reporter-output>
        </test-method> <!-- loginWithInvalidData -->
        <test-method signature="loginWithInvalidData(java.lang.String, java.lang.String, java.lang.String)[pri:0, instance:test.java.tests.LoginTest@4116aac9]" started-at="2022-04-10T18:31:11Z" name="loginWithInvalidData" data-provider="invalidData" finished-at="2022-04-10T18:31:14Z" duration-ms="3374" status="PASS">
          <params>
            <param index="0">
              <value>
                <![CDATA[]]>
              </value>
            </param>
            <param index="1">
              <value>
                <![CDATA[teste123]]>
              </value>
            </param>
            <param index="2">
              <value>
                <![CDATA[An email address required.]]>
              </value>
            </param>
          </params>
          <reporter-output>
          </reporter-output>
        </test-method> <!-- loginWithInvalidData -->
        <test-method signature="loginWithInvalidData(java.lang.String, java.lang.String, java.lang.String)[pri:0, instance:test.java.tests.LoginTest@4116aac9]" started-at="2022-04-10T18:31:14Z" name="loginWithInvalidData" data-provider="invalidData" finished-at="2022-04-10T18:31:17Z" duration-ms="2496" status="PASS">
          <params>
            <param index="0">
              <value>
                <![CDATA[]]>
              </value>
            </param>
            <param index="1">
              <value>
                <![CDATA[]]>
              </value>
            </param>
            <param index="2">
              <value>
                <![CDATA[An email address required.]]>
              </value>
            </param>
          </params>
          <reporter-output>
          </reporter-output>
        </test-method> <!-- loginWithInvalidData -->
        <test-method is-config="true" signature="tearDown()[pri:0, instance:test.java.tests.LoginTest@4116aac9]" started-at="2022-04-10T18:31:17Z" name="tearDown" finished-at="2022-04-10T18:31:17Z" duration-ms="223" status="PASS">
          <reporter-output>
          </reporter-output>
        </test-method> <!-- tearDown -->
      </class> <!-- test.java.tests.LoginTest -->
    </test> <!-- Login -->
  </suite> <!-- test -->
</testng-results>
